{"level":30,"time":1641437719083,"pid":19121,"hostname":"JGui-MacBookPro.local","req":{"id":2,"method":"POST","url":"/payments/complete","query":{},"params":{"0":"payments/complete"},"headers":{"host":"bfbb-221-167-230-68.ngrok.io","user-agent":"IamportNotification","content-length":"94","accept":"*/*","content-type":"application/json","x-forwarded-for":"52.78.48.223","x-forwarded-proto":"http","accept-encoding":"gzip"},"remoteAddress":"::1","remotePort":62002},"context":"PaymentsController","msg":"payment.complete; {\"imp_uid\":\"imp_398665042168\",\"merchant_uid\":\"merchant_test_1641437664923:jg\",\"status\":\"paid\"}"}
imp_uid=imp_398665042168, merchant_uid=merchant_test_1641437664923:jg
access_token babf6ac56a21666a6a896a5e4d17ba43ddc7fd04
paymentData {
  status: 200,
  message: null,
  data: {
    amount: 1000,
    apply_num: '',
    bank_code: null,
    bank_name: null,
    buyer_addr: '서울특별시 강남구 삼성동',
    buyer_email: 'jg@siot.do',
    buyer_name: '구매자이름jg',
    buyer_postcode: '123-456',
    buyer_tel: '010-1234-5678',
    cancel_amount: 0,
    cancel_history: [],
    cancel_reason: null,
    cancel_receipt_urls: [],
    cancelled_at: 0,
    card_code: null,
    card_name: null,
    card_number: null,
    card_quota: 0,
    card_type: null,
    cash_receipt_issued: false,
    channel: 'pc',
    currency: 'KRW',
    custom_data: null,
    customer_uid: null,
    customer_uid_usage: null,
    emb_pg_provider: null,
    escrow: false,
    fail_reason: null,
    failed_at: 0,
    imp_uid: 'imp_398665042168',
    merchant_uid: 'merchant_test_1641437664923:jg',
    name: '주문명:jg결제테스트',
    paid_at: 1641437718,
    pay_method: 'point',
    pg_id: 'nictest00m',
    pg_provider: 'nice',
    pg_tid: 'nictest00m01012201061155181693',
    receipt_url: 'https://npg.nicepay.co.kr/issue/IssueLoader.do?TID=nictest00m01012201061155181693&type=0&InnerWin=Y',
    started_at: 1641437665,
    status: 'paid',
    user_agent: 'Mozilla/5.0 (Macintosh; Intel Mac OS X 10_15_7) AppleWebKit/537.36 (KHTML, like Gecko) Chrome/96.0.4664.110 Safari/537.36',
    vbank_code: null,
    vbank_date: 0,
    vbank_holder: null,
    vbank_issued_at: 0,
    vbank_name: null,
    vbank_num: null
  },
  raw: {
    code: 0,
    message: null,
    response: {
      amount: 1000,
      apply_num: '',
      bank_code: null,
      bank_name: null,
      buyer_addr: '서울특별시 강남구 삼성동',
      buyer_email: 'jg@siot.do',
      buyer_name: '구매자이름jg',
      buyer_postcode: '123-456',
      buyer_tel: '010-1234-5678',
      cancel_amount: 0,
      cancel_history: [],
      cancel_reason: null,
      cancel_receipt_urls: [],
      cancelled_at: 0,
      card_code: null,
      card_name: null,
      card_number: null,
      card_quota: 0,
      card_type: null,
      cash_receipt_issued: false,
      channel: 'pc',
      currency: 'KRW',
      custom_data: null,
      customer_uid: null,
      customer_uid_usage: null,
      emb_pg_provider: null,
      escrow: false,
      fail_reason: null,
      failed_at: 0,
      imp_uid: 'imp_398665042168',
      merchant_uid: 'merchant_test_1641437664923:jg',
      name: '주문명:jg결제테스트',
      paid_at: 1641437718,
      pay_method: 'point',
      pg_id: 'nictest00m',
      pg_provider: 'nice',
      pg_tid: 'nictest00m01012201061155181693',
      receipt_url: 'https://npg.nicepay.co.kr/issue/IssueLoader.do?TID=nictest00m01012201061155181693&type=0&InnerWin=Y',
      started_at: 1641437665,
      status: 'paid',
      user_agent: 'Mozilla/5.0 (Macintosh; Intel Mac OS X 10_15_7) AppleWebKit/537.36 (KHTML, like Gecko) Chrome/96.0.4664.110 Safari/537.36',
      vbank_code: null,
      vbank_date: 0,
      vbank_holder: null,
      vbank_issued_at: 0,
      vbank_name: null,
      vbank_num: null
    }
  }
}
amount=1000, status=paid
